2021-03-25 11:38:59 [INFO ] c.p.r.NativeLoader:64 - ********************************
2021-03-25 11:38:59 [INFO ] c.p.r.NativeLoader:65 - Native library search paths: 
2021-03-25 11:38:59 [INFO ] c.p.r.NativeLoader:948 - C:\Users\Андрей\AppData\Roaming\PVS-Studio-Java\7.12.46137
2021-03-25 11:38:59 [INFO ] c.p.r.NativeLoader:948 - .
2021-03-25 11:38:59 [INFO ] c.p.r.NativeLoader:948 - C:\Users\Андрей\AppData\Roaming\PVS-Studio-Java\7.12.46137\..
2021-03-25 11:38:59 [INFO ] c.p.r.NativeLoader:948 - C:\Users\Андрей\AppData\Roaming\PVS-Studio-Java\7.12.46137\..\..
2021-03-25 11:38:59 [INFO ] c.p.r.NativeLoader:948 - C:\Users\Андрей\AppData\Roaming\PVS-Studio-Java\7.12.46137\..\..\build
2021-03-25 11:38:59 [INFO ] c.p.r.NativeLoader:67 - Additional path: native/win
2021-03-25 11:38:59 [INFO ] c.p.r.NativeLoader:76 - Native library found: C:\Users\Андрей\AppData\Roaming\PVS-Studio-Java\7.12.46137\native\win\analysis-core.dll
2021-03-25 11:38:59 [INFO ] c.p.r.NativeLoader:77 - ********************************
2021-03-25 11:39:01 [INFO ] c.p.p.JsonEvaluator:49 - Module: spring_hibernate
2021-03-25 11:39:01 [INFO ] c.p.p.JsonEvaluator:50 - Sources:
2021-03-25 11:39:01 [INFO ] c.p.p.JsonEvaluator:75 - C:/Users/Андрей/IdeaProjects/2.2.1. spring_hibernate/2.2.1. spring_hibernate/src/test/java
2021-03-25 11:39:01 [INFO ] c.p.p.JsonEvaluator:75 - C:/Users/Андрей/IdeaProjects/2.2.1. spring_hibernate/2.2.1. spring_hibernate/src/main/java
2021-03-25 11:39:01 [INFO ] c.p.p.JsonEvaluator:52 - Classpath:
2021-03-25 11:39:01 [INFO ] c.p.p.JsonEvaluator:75 - C:/Users/Андрей/.jdks/corretto-1.8.0_282/jre/lib/resources.jar
2021-03-25 11:39:01 [INFO ] c.p.p.JsonEvaluator:75 - C:/Users/Андрей/.m2/repository/org/hibernate/javax/persistence/hibernate-jpa-2.1-api/1.0.0.Final/hibernate-jpa-2.1-api-1.0.0.Final.jar
2021-03-25 11:39:01 [INFO ] c.p.p.JsonEvaluator:75 - C:/Users/Андрей/.m2/repository/org/springframework/spring-tx/5.0.1.RELEASE/spring-tx-5.0.1.RELEASE.jar
2021-03-25 11:39:01 [INFO ] c.p.p.JsonEvaluator:75 - C:/Users/Андрей/.m2/repository/org/javassist/javassist/3.20.0-GA/javassist-3.20.0-GA.jar
2021-03-25 11:39:01 [INFO ] c.p.p.JsonEvaluator:75 - C:/Users/Андрей/.m2/repository/antlr/antlr/2.7.7/antlr-2.7.7.jar
2021-03-25 11:39:01 [INFO ] c.p.p.JsonEvaluator:75 - C:/Users/Андрей/.m2/repository/org/hibernate/hibernate-core/5.2.9.Final/hibernate-core-5.2.9.Final.jar
2021-03-25 11:39:01 [INFO ] c.p.p.JsonEvaluator:75 - C:/Users/Андрей/.jdks/corretto-1.8.0_282/jre/lib/ext/jfxrt.jar
2021-03-25 11:39:01 [INFO ] c.p.p.JsonEvaluator:75 - C:/Users/Андрей/.jdks/corretto-1.8.0_282/jre/lib/ext/zipfs.jar
2021-03-25 11:39:01 [INFO ] c.p.p.JsonEvaluator:75 - C:/Users/Андрей/.jdks/corretto-1.8.0_282/jre/lib/jfxswt.jar
2021-03-25 11:39:01 [INFO ] c.p.p.JsonEvaluator:75 - C:/Users/Андрей/.jdks/corretto-1.8.0_282/jre/lib/ext/sunpkcs11.jar
2021-03-25 11:39:01 [INFO ] c.p.p.JsonEvaluator:75 - C:/Users/Андрей/.m2/repository/dom4j/dom4j/1.6.1/dom4j-1.6.1.jar
2021-03-25 11:39:01 [INFO ] c.p.p.JsonEvaluator:75 - C:/Users/Андрей/.jdks/corretto-1.8.0_282/jre/lib/ext/sunec.jar
2021-03-25 11:39:01 [INFO ] c.p.p.JsonEvaluator:75 - C:/Users/Андрей/.m2/repository/org/springframework/spring-core/5.0.1.RELEASE/spring-core-5.0.1.RELEASE.jar
2021-03-25 11:39:01 [INFO ] c.p.p.JsonEvaluator:75 - C:/Users/Андрей/.jdks/corretto-1.8.0_282/jre/lib/ext/access-bridge-64.jar
2021-03-25 11:39:01 [INFO ] c.p.p.JsonEvaluator:75 - C:/Users/Андрей/.jdks/corretto-1.8.0_282/jre/lib/ext/sunjce_provider.jar
2021-03-25 11:39:01 [INFO ] c.p.p.JsonEvaluator:75 - C:/Users/Андрей/.jdks/corretto-1.8.0_282/jre/lib/jsse.jar
2021-03-25 11:39:01 [INFO ] c.p.p.JsonEvaluator:75 - C:/Users/Андрей/.jdks/corretto-1.8.0_282/jre/lib/jfr.jar
2021-03-25 11:39:01 [INFO ] c.p.p.JsonEvaluator:75 - C:/Users/Андрей/.m2/repository/org/springframework/spring-aop/5.0.1.RELEASE/spring-aop-5.0.1.RELEASE.jar
2021-03-25 11:39:01 [INFO ] c.p.p.JsonEvaluator:75 - C:/Users/Андрей/.jdks/corretto-1.8.0_282/jre/lib/jce.jar
2021-03-25 11:39:01 [INFO ] c.p.p.JsonEvaluator:75 - C:/Users/Андрей/.m2/repository/org/jboss/logging/jboss-logging/3.3.0.Final/jboss-logging-3.3.0.Final.jar
2021-03-25 11:39:01 [INFO ] c.p.p.JsonEvaluator:75 - C:/Users/Андрей/.m2/repository/org/springframework/spring-jcl/5.0.1.RELEASE/spring-jcl-5.0.1.RELEASE.jar
2021-03-25 11:39:01 [INFO ] c.p.p.JsonEvaluator:75 - C:/Users/Андрей/.m2/repository/org/springframework/spring-context/5.0.1.RELEASE/spring-context-5.0.1.RELEASE.jar
2021-03-25 11:39:01 [INFO ] c.p.p.JsonEvaluator:75 - C:/Users/Андрей/.jdks/corretto-1.8.0_282/jre/lib/ext/cldrdata.jar
2021-03-25 11:39:01 [INFO ] c.p.p.JsonEvaluator:75 - C:/Users/Андрей/.m2/repository/org/jboss/spec/javax/transaction/jboss-transaction-api_1.2_spec/1.0.1.Final/jboss-transaction-api_1.2_spec-1.0.1.Final.jar
2021-03-25 11:39:01 [INFO ] c.p.p.JsonEvaluator:75 - C:/Users/Андрей/.jdks/corretto-1.8.0_282/jre/lib/management-agent.jar
2021-03-25 11:39:01 [INFO ] c.p.p.JsonEvaluator:75 - C:/Users/Андрей/.m2/repository/org/springframework/spring-beans/5.0.1.RELEASE/spring-beans-5.0.1.RELEASE.jar
2021-03-25 11:39:01 [INFO ] c.p.p.JsonEvaluator:75 - C:/Users/Андрей/.jdks/corretto-1.8.0_282/jre/lib/ext/localedata.jar
2021-03-25 11:39:01 [INFO ] c.p.p.JsonEvaluator:75 - C:/Users/Андрей/.jdks/corretto-1.8.0_282/jre/lib/ext/sunmscapi.jar
2021-03-25 11:39:01 [INFO ] c.p.p.JsonEvaluator:75 - C:/Users/Андрей/.jdks/corretto-1.8.0_282/jre/lib/ext/dnsns.jar
2021-03-25 11:39:01 [INFO ] c.p.p.JsonEvaluator:75 - C:/Users/Андрей/.jdks/corretto-1.8.0_282/jre/lib/ext/jaccess.jar
2021-03-25 11:39:01 [INFO ] c.p.p.JsonEvaluator:75 - C:/Users/Андрей/.jdks/corretto-1.8.0_282/jre/lib/ext/nashorn.jar
2021-03-25 11:39:01 [INFO ] c.p.p.JsonEvaluator:75 - C:/Users/Андрей/.m2/repository/org/springframework/spring-orm/5.0.1.RELEASE/spring-orm-5.0.1.RELEASE.jar
2021-03-25 11:39:01 [INFO ] c.p.p.JsonEvaluator:75 - C:/Users/Андрей/.m2/repository/org/jboss/jandex/2.0.3.Final/jandex-2.0.3.Final.jar
2021-03-25 11:39:01 [INFO ] c.p.p.JsonEvaluator:75 - C:/Users/Андрей/.m2/repository/mysql/mysql-connector-java/6.0.5/mysql-connector-java-6.0.5.jar
2021-03-25 11:39:01 [INFO ] c.p.p.JsonEvaluator:75 - C:/Users/Андрей/.m2/repository/com/fasterxml/classmate/1.3.0/classmate-1.3.0.jar
2021-03-25 11:39:01 [INFO ] c.p.p.JsonEvaluator:75 - C:/Users/Андрей/.m2/repository/org/hibernate/common/hibernate-commons-annotations/5.0.1.Final/hibernate-commons-annotations-5.0.1.Final.jar
2021-03-25 11:39:01 [INFO ] c.p.p.JsonEvaluator:75 - C:/Users/Андрей/.m2/repository/org/springframework/spring-expression/5.0.1.RELEASE/spring-expression-5.0.1.RELEASE.jar
2021-03-25 11:39:01 [INFO ] c.p.p.JsonEvaluator:75 - C:/Users/Андрей/.m2/repository/org/springframework/spring-jdbc/5.0.1.RELEASE/spring-jdbc-5.0.1.RELEASE.jar
2021-03-25 11:39:01 [INFO ] c.p.p.JsonEvaluator:75 - C:/Users/Андрей/.jdks/corretto-1.8.0_282/jre/lib/rt.jar
2021-03-25 11:39:01 [INFO ] c.p.p.JsonEvaluator:75 - C:/Users/Андрей/.jdks/corretto-1.8.0_282/jre/lib/charsets.jar
2021-03-25 11:39:02 [INFO ] c.p.p.IncrementalLauncher:278 - Build model from scratch...
2021-03-25 11:39:06 [INFO ] c.p.p.IncrementalLauncher:312 - Cache saving started.
2021-03-25 11:39:06 [WARN ] c.p.p.IncrementalLauncher:319 - Spoon compile error: The package java.sql is accessible from more than one module: <unnamed>, java.sql at C:\Users\Андрей\IdeaProjects\2.2.1. spring_hibernate\2.2.1. spring_hibernate\src\main\java\hiber\MainApp.java:8
spoon.support.compiler.SnippetCompilationError: The package java.sql is accessible from more than one module: <unnamed>, java.sql at C:\Users\Андрей\IdeaProjects\2.2.1. spring_hibernate\2.2.1. spring_hibernate\src\main\java\hiber\MainApp.java:8
	at spoon.support.compiler.jdt.JDTBasedSpoonCompiler.reportProblemsWhenCompiling(JDTBasedSpoonCompiler.java:609)
	at spoon.support.compiler.jdt.JDTBasedSpoonCompiler.compile(JDTBasedSpoonCompiler.java:167)
	at com.pvsstudio.projects.IncrementalLauncher.saveCache(IncrementalLauncher.java:315)
	at com.pvsstudio.projects.Module.build(Module.java:379)
	at com.pvsstudio.runner.ModuleWorker.run(ModuleWorker.java:52)
	at com.pvsstudio.runner.AnalyzerRunner.run(AnalyzerRunner.java:81)
	at com.pvsstudio.Main.main(Main.java:464)
2021-03-25 11:39:07 [INFO ] c.p.p.IncrementalLauncher:355 - Cache saving finished.
2021-03-25 11:39:07 [INFO ] c.p.p.Module:383 - Model build success.
